28-04-2017 03:12:49 : not found data Remote IP : ::1 [error]
28-04-2017 03:19:10 : Access C:\xampp\htdocs\senior_project-Markdown-\Service\add_new_file.php not found data Remote IP : ::1 [error]
28-04-2017 03:21:35 : not found pathC:\xampp\htdocs\senior_project-Markdown-\config_system/../temp_user//27042017143703/file_temp/ [error]
28-04-2017 03:22:11 : not found path C:\xampp\htdocs\senior_project-Markdown-\config_system/../temp_user//27042017143703/file_temp/ [error]
28-04-2017 03:22:45 : not found path C:\xampp\htdocs\senior_project-Markdown-\config_system/../temp_user//27042017143703/file_temp/ [error]
28-04-2017 03:44:23 AM : Access C:\xampp\htdocs\senior_project-Markdown-\Service\login.php not found data Remote IP : ::1 [error]
28-04-2017 03:44:53 AM : someone is trying to Signin using user => sadasd and pass => asdasd [error]
28-04-2017 03:45:46 AM : someone is trying to Signin using user => sadasd and pass => asdasd Remote IP : ::1 [error]
28-04-2017 03:47:23 AM : User UID 28042017032635 Login Remote IP : ::1  [pass]
28-04-2017 03:50:36 AM : Access C:\xampp\htdocs\senior_project-Markdown-\Service\login.php not found data Remote IP : ::1 [error]
28-04-2017 03:50:43 AM : Access C:\xampp\htdocs\senior_project-Markdown-\Service\Create_user.php not found data Remote IP : ::1 [error]
28-04-2017 03:53:36 AM : Access C:\xampp\htdocs\senior_project-Markdown-\Service\Create_user.php not found data Remote IP : 192.168.1.36 [error]
28-04-2017 03:53:54 AM : Access C:\xampp\htdocs\senior_project-Markdown-\Service\Create_user.php not found data Remote IP : 192.168.1.34 [error]
28-04-2017 03:55:38 AM : User UID 28042017032635 Login Remote IP : 192.168.1.36  [pass]
28-04-2017 04:01:17 AM : Access C:\xampp\htdocs\senior_project-Markdown-\Service\delete_file.php not found data Remote IP : 192.168.1.36 [error]
28-04-2017 04:06:20 AM : Access C:\xampp\htdocs\senior_project-Markdown-\Service\load_content.php not found data Remote IP : 192.168.1.36 [error]
28-04-2017 04:10:38 AM : User UID 28042017032635 logout Successful Remote IP : 192.168.1.36  [pass]
28-04-2017 04:13:10 AM : Access C:\xampp\htdocs\senior_project-Markdown-\Service\move_file_import.php not found data Remote IP : 192.168.1.36 [error]
28-04-2017 04:14:22 AM : Access C:\xampp\htdocs\senior_project-Markdown-\Service\Create_user.php not found data Remote IP : 192.168.1.34 [error]
28-04-2017 04:14:24 AM : Access C:\xampp\htdocs\senior_project-Markdown-\Service\Create_user.php not found data Remote IP : 192.168.1.34 [error]
29-04-2017 02:23:04 AM : User UID  logout Successful Remote IP : ::1  [pass]
29-04-2017 02:24:36 AM : User UID 28042017032635 Login Remote IP : ::1  [pass]
29-04-2017 02:24:51 AM : User UID 28042017032635 logout Successful Remote IP : ::1  [pass]
30-04-2017 23:47:20 PM : User UID 28042017032635 Login Remote IP : ::1  [pass]
30-04-2017 23:56:57 PM : UID 28042017032635 not found temporary  [error]
30-04-2017 23:59:10 PM : User UID 28042017032635 logout Successful Remote IP : ::1  [pass]
01-05-2017 00:08:31 AM : someone is trying to Signin using user => ujiik009@hotmail.com and pass => ikool009 Remote IP : ::1 [error]
01-05-2017 00:08:37 AM : User UID 29042017022551 Login Remote IP : ::1  [pass]
01-05-2017 00:09:59 AM : User UID 29042017022551 logout Successful Remote IP : ::1  [pass]
01-05-2017 00:11:44 AM : User UID 29042017022551 Login Remote IP : ::1  [pass]
01-05-2017 00:19:24 AM : UID 29042017022551 save file failed  C:\xampp\htdocs\senior_project-Markdown-\config_system/../temp_user/29042017022551 [error]
01-05-2017 00:20:41 AM : UID 29042017022551 save file failed  C:\xampp\htdocs\senior_project-Markdown-\config_system/../temp_user/29042017022551/file_temp/document.md [error]
01-05-2017 01:02:12 AM : User UID 29042017022551 logout Successful Remote IP : ::1  [pass]
01-05-2017 01:16:05 AM : someone is trying to Signin using user => ikool009@hotmail.com and pass => ikool009 Remote IP : ::1 [error]
01-05-2017 01:16:11 AM : someone is trying to Signin using user => ikool009@hotmail.com and pass => ikool009 Remote IP : ::1 [error]
01-05-2017 01:16:25 AM : someone is trying to Signin using user => ikool009@hotmail.com and pass => ikool009 Remote IP : ::1 [error]
01-05-2017 01:16:44 AM : someone is trying to Signin using user => ujiik009@hotmai.com and pass => ujiik009 Remote IP : ::1 [error]
01-05-2017 01:16:58 AM : someone is trying to Signin using user => ujiik009@hotmai.con and pass => ujiik009 Remote IP : ::1 [error]
01-05-2017 01:17:02 AM : someone is trying to Signin using user => ujiik009@hotmai.con and pass => ujiik009 Remote IP : ::1 [error]
01-05-2017 01:18:15 AM : UID null not found temporary  [error]
01-05-2017 01:20:27 AM : User UID 01052017012011 Login Remote IP : ::1  [pass]
01-05-2017 03:35:01 AM : User UID 01052017012011 logout Successful Remote IP : ::1  [pass]
01-05-2017 03:35:34 AM : User UID 01052017033520 Login Remote IP : ::1  [pass]
01-05-2017 09:57:06 AM : User UID  logout Successful Remote IP : ::1  [pass]
01-05-2017 10:05:23 AM : someone is trying to Signin using user => ikool009@hotmail.com and pass => 069079311 Remote IP : ::1 [error]
01-05-2017 10:05:33 AM : User UID 01052017012011 Login Remote IP : ::1  [pass]
01-05-2017 10:25:45 AM : User UID  logout Successful Remote IP : ::1  [pass]
01-05-2017 10:45:25 AM : someone is trying to Signin using user => ikool009@hotmaiil.com and pass => ikool009 Remote IP : ::1 [error]
01-05-2017 10:45:33 AM : someone is trying to Signin using user => ikool009@hotmaiil.com and pass => ikool009 Remote IP : ::1 [error]
01-05-2017 10:45:47 AM : User UID 01052017012011 Login Remote IP : ::1  [pass]
01-05-2017 23:34:04 PM : User UID  logout Successful Remote IP : ::1  [pass]
01-05-2017 23:36:38 PM : User UID 01052017233624 Login Remote IP : ::1  [pass]
01-05-2017 23:40:33 PM : User UID 01052017233624 logout Successful Remote IP : ::1  [pass]
01-05-2017 23:41:36 PM : User UID 01052017233624 Login Remote IP : ::1  [pass]
01-05-2017 23:43:51 PM : User UID 01052017233624 logout Successful Remote IP : ::1  [pass]
01-05-2017 23:44:26 PM : User UID 01052017234404 Login Remote IP : ::1  [pass]
01-05-2017 23:46:45 PM : User UID 01052017234404 logout Successful Remote IP : ::1  [pass]
01-05-2017 23:46:55 PM : UID null not found temporary  [error]
01-05-2017 23:47:34 PM : User UID 01052017233624 Login Remote IP : ::1  [pass]
01-05-2017 23:48:33 PM : User UID 01052017233624 logout Successful Remote IP : ::1  [pass]
01-05-2017 23:48:34 PM : UID null not found temporary  [error]
01-05-2017 23:48:34 PM : UID null not found temporary  [error]
01-05-2017 23:48:34 PM : UID null not found temporary  [error]
01-05-2017 23:48:34 PM : UID null not found temporary  [error]
01-05-2017 23:48:34 PM : UID null not found temporary  [error]
01-05-2017 23:48:35 PM : UID null not found temporary  [error]
01-05-2017 23:48:38 PM : UID null not found temporary  [error]
01-05-2017 23:48:38 PM : UID null not found temporary  [error]
01-05-2017 23:48:38 PM : UID null not found temporary  [error]
01-05-2017 23:48:39 PM : UID null not found temporary  [error]
01-05-2017 23:49:01 PM : UID null not found temporary  [error]
01-05-2017 23:50:11 PM : UID null not found temporary  [error]
01-05-2017 23:50:33 PM : UID null not found temporary  [error]
01-05-2017 23:54:56 PM : User UID 01052017233624 Login Remote IP : ::1  [pass]
11-05-2017 09:38:23 AM : User UID  logout Successful Remote IP : ::1  [pass]
11-05-2017 09:41:55 AM : someone is trying to Signin using user => ujiik009@hoymail.com and pass => ujiik009 Remote IP : ::1 [error]
11-05-2017 09:42:03 AM : someone is trying to Signin using user => ujiik009@hotmail.com and pass => ujiik009 Remote IP : ::1 [error]
11-05-2017 09:42:12 AM : someone is trying to Signin using user => ujiik009@hotmail.com and pass => ujiik009 Remote IP : ::1 [error]
11-05-2017 09:43:48 AM : User UID 11052017094320 Login Remote IP : ::1  [pass]
11-05-2017 11:00:14 AM : User UID  logout Successful Remote IP : ::1  [pass]
11-05-2017 11:43:57 AM : someone is trying to Signin using user => ikool009@hotmail.com and pass => ikool009 Remote IP : ::1 [error]
11-05-2017 11:44:08 AM : someone is trying to Signin using user => ikool009@hotmail.com and pass => ikool009 Remote IP : ::1 [error]
11-05-2017 11:44:17 AM : someone is trying to Signin using user => ikool009@hotmail.com and pass => ikool009 Remote IP : ::1 [error]
11-05-2017 11:44:55 AM : User UID 11052017114450 Login Remote IP : ::1  [pass]
23-05-2017 12:22:23 PM : User UID 11052017114450 Login Remote IP : ::1  [pass]
24-05-2017 08:56:09 AM : someone is trying to Signin using user => ikool009@hotmail.com and pass => ikool009 Remote IP : ::1 [error]
24-05-2017 08:56:16 AM : someone is trying to Signin using user => ikool009@hotmail.com and pass => ikool009 Remote IP : ::1 [error]
24-05-2017 08:56:25 AM : someone is trying to Signin using user => ikool009@hotmail.com and pass => ikool009 Remote IP : ::1 [error]
24-05-2017 08:56:43 AM : User UID 24052017085638 Login Remote IP : ::1  [pass]
