24-05-2017 08:56:38 AM : create user [pass]
24-05-2017 08:56:43 AM : User Login [pass]
24-05-2017 11:06:42 AM : New file NewDocument.md [pass]
24-05-2017 11:06:47 AM : New file NewDocument (1).md [pass]
24-05-2017 11:06:48 AM : Load file NewDocument (1).md [pass]
25-05-2017 18:09:32 PM : Load file NewDocument.md [pass]
25-05-2017 18:09:32 PM : Load file NewDocument (1).md [pass]
25-05-2017 18:09:35 PM : Delete file NewDocument (1).md [pass]
25-05-2017 18:09:38 PM : Delete file NewDocument.md [pass]
25-05-2017 18:11:06 PM : New file NewDocument.md [pass]
25-05-2017 18:11:08 PM : Load file NewDocument.md [pass]
25-05-2017 18:11:11 PM : Load file NewDocument.md [pass]
25-05-2017 18:11:25 PM : RENAME file from NewDocument.md to DEMO.md [pass]
25-05-2017 18:11:26 PM : Load file DEMO.md [pass]
25-05-2017 18:18:05 PM : save file DEMO.md [pass]
25-05-2017 18:18:59 PM : save file DEMO.md [pass]
25-05-2017 18:25:33 PM : save file DEMO.md [pass]
25-05-2017 18:25:37 PM : Load file DEMO.md [pass]
25-05-2017 18:26:13 PM : Load file DEMO.md [pass]
25-05-2017 18:26:31 PM : Load file DEMO.md [pass]
25-05-2017 18:31:22 PM : save file DEMO.md [pass]
25-05-2017 18:41:42 PM : save file DEMO.md [pass]
25-05-2017 18:41:45 PM : Load file DEMO.md [pass]
25-05-2017 18:42:36 PM : Load file DEMO.md [pass]
25-05-2017 18:44:00 PM : save file DEMO.md [pass]
25-05-2017 18:44:04 PM : Load file DEMO.md [pass]
25-05-2017 18:45:04 PM : save file DEMO.md [pass]
25-05-2017 18:45:07 PM : Load file DEMO.md [pass]
25-05-2017 18:47:56 PM : Load file DEMO.md [pass]
25-05-2017 18:49:17 PM : Load file DEMO.md [pass]
25-05-2017 18:50:26 PM : save file DEMO.md [pass]
25-05-2017 18:50:30 PM : Load file DEMO.md [pass]
25-05-2017 18:51:02 PM : save file DEMO.md [pass]
25-05-2017 18:51:05 PM : Load file DEMO.md [pass]
25-05-2017 18:55:07 PM : save file DEMO.md [pass]
25-05-2017 18:55:10 PM : Load file DEMO.md [pass]
25-05-2017 18:57:39 PM : save file DEMO.md [pass]
25-05-2017 18:57:42 PM : Load file DEMO.md [pass]
25-05-2017 18:58:06 PM : Load file DEMO.md [pass]
25-05-2017 18:58:21 PM : Load file DEMO.md [pass]
25-05-2017 18:59:45 PM : save file DEMO.md [pass]
25-05-2017 19:13:43 PM : Load file DEMO.md [pass]
25-05-2017 19:14:55 PM : Load file DEMO.md [pass]
25-05-2017 19:15:19 PM : save file DEMO.md [pass]
25-05-2017 19:16:39 PM : save file DEMO.md [pass]
25-05-2017 19:17:36 PM : save file DEMO.md [pass]
25-05-2017 19:18:57 PM : save file DEMO.md [pass]
25-05-2017 19:22:09 PM : save file DEMO.md [pass]
25-05-2017 19:23:50 PM : save file DEMO.md [pass]
25-05-2017 19:24:43 PM : Load file DEMO.md [pass]
25-05-2017 19:38:03 PM : save file DEMO.md [pass]
25-05-2017 19:38:56 PM : save file DEMO.md [pass]
25-05-2017 19:52:19 PM : save file DEMO.md [pass]
25-05-2017 19:55:16 PM : save file DEMO.md [pass]
25-05-2017 19:58:42 PM : save file DEMO.md [pass]
25-05-2017 20:03:31 PM : save file DEMO.md [pass]
25-05-2017 20:05:59 PM : save file DEMO.md [pass]
25-05-2017 20:13:19 PM : save file DEMO.md [pass]
25-05-2017 20:13:40 PM : save file DEMO.md [pass]
25-05-2017 20:13:47 PM : Delete file DEMO.md [pass]
25-05-2017 20:13:53 PM : New file NewDocument.md [pass]
25-05-2017 20:13:53 PM : Load file NewDocument.md [pass]
25-05-2017 20:16:45 PM : Load file NewDocument.md [pass]
25-05-2017 20:16:48 PM : Delete file NewDocument.md [pass]
25-05-2017 20:19:09 PM : Upload file DEMO (2).md [pass]
25-05-2017 20:19:09 PM : Load file DEMO (2).md [pass]
25-05-2017 20:31:42 PM : save file DEMO (2).md [pass]
25-05-2017 20:33:44 PM : save file DEMO (2).md [pass]
25-05-2017 21:53:00 PM : save file DEMO (2).md [pass]
25-05-2017 21:53:02 PM : Load file DEMO (2).md [pass]
25-05-2017 21:53:14 PM : save file DEMO.md [pass]
25-05-2017 21:53:15 PM : Load file DEMO.md [pass]
25-05-2017 21:53:17 PM : Load file DEMO (2).md [pass]
25-05-2017 21:55:22 PM : save file DEMO (2).md [pass]
25-05-2017 22:06:22 PM : save file DEMO (2).md [pass]
26-05-2017 20:49:28 PM : Load file DEMO (2).md [pass]
26-05-2017 20:49:29 PM : Load file DEMO.md [pass]
26-05-2017 20:49:33 PM : Load file DEMO (2).md [pass]
26-05-2017 20:49:35 PM : Load file DEMO.md [pass]
26-05-2017 20:49:36 PM : Load file DEMO (2).md [pass]
26-05-2017 20:49:39 PM : Delete file DEMO (2).md [pass]
26-05-2017 20:49:41 PM : New file NewDocument.md [pass]
26-05-2017 20:49:42 PM : Load file NewDocument.md [pass]
26-05-2017 20:54:25 PM : Load file DEMO.md [pass]
30-05-2017 19:59:32 PM : User Login [pass]
30-05-2017 20:02:57 PM : User log out [pass]
30-05-2017 20:03:12 PM : User Login [pass]
30-05-2017 20:04:10 PM : User log out [pass]
30-05-2017 20:04:20 PM : User Login [pass]
30-05-2017 20:05:21 PM : User log out [pass]
30-05-2017 20:05:31 PM : User Login [pass]
30-05-2017 20:05:37 PM : Load file DEMO.md [pass]
30-05-2017 20:53:25 PM : Load file DEMO.md [pass]
30-05-2017 20:53:26 PM : Load file NewDocument.md [pass]
30-05-2017 20:53:29 PM : Load file DEMO.md [pass]
30-05-2017 20:56:18 PM : Load file DEMO.md [pass]
30-05-2017 20:56:24 PM : Load file NewDocument.md [pass]
30-05-2017 20:56:29 PM : Load file DEMO.md [pass]
30-05-2017 20:57:19 PM : Load file DEMO.md [pass]
30-05-2017 20:57:23 PM : Load file NewDocument.md [pass]
30-05-2017 20:57:48 PM : Load file DEMO.md [pass]
01-06-2017 07:24:37 AM : Load file DEMO.md [pass]
01-06-2017 07:48:19 AM : Load file DEMO.md [pass]
01-06-2017 08:19:42 AM : User Login [pass]
01-06-2017 08:19:51 AM : Load file DEMO.md [pass]
01-06-2017 08:20:49 AM : save file DEMO.md [pass]
01-06-2017 08:21:30 AM : Render file PDF DEMO_166.pdf [pass]
01-06-2017 08:21:59 AM : Delete file DEMO.md [pass]
01-06-2017 08:22:03 AM : Delete file NewDocument.md [pass]
01-06-2017 08:22:14 AM : Upload file DEMO.md [pass]
01-06-2017 08:22:14 AM : Load file DEMO.md [pass]
01-06-2017 08:22:17 AM : Load file DEMO.md [pass]
01-06-2017 08:22:42 AM : User log out [pass]
01-06-2017 08:25:13 AM : User Login [pass]
01-06-2017 10:02:53 AM : User log out [pass]
01-06-2017 10:08:34 AM : User Login [pass]
01-06-2017 10:08:38 AM : Load file DEMO.md [pass]
01-06-2017 10:09:46 AM : New file NewDocument.md [pass]
01-06-2017 10:09:47 AM : Load file NewDocument.md [pass]
01-06-2017 10:10:50 AM : Delete file DEMO.md [pass]
01-06-2017 10:10:54 AM : Delete file NewDocument.md [pass]
01-06-2017 10:11:03 AM : Upload file NewDocument.md [pass]
01-06-2017 10:11:03 AM : Load file NewDocument.md [pass]
01-06-2017 10:11:06 AM : Load file NewDocument.md [pass]
01-06-2017 10:11:14 AM : save file NewDocument.md [pass]
01-06-2017 10:11:17 AM : New file NewDocument (1).md [pass]
01-06-2017 10:11:28 AM : RENAME file from NewDocument (1).md to demo2.md [pass]
01-06-2017 10:11:54 AM : Load file NewDocument.md [pass]
01-06-2017 10:11:54 AM : Load file demo2.md [pass]
01-06-2017 10:11:56 AM : Load file NewDocument.md [pass]
01-06-2017 10:12:27 AM : Render file PDF NewDocument_121.pdf [pass]
01-06-2017 10:12:51 AM : save file NewDocument.md [pass]
01-06-2017 10:16:09 AM : User log out [pass]
