11-05-2017 11:44:50 AM : create user [pass]
11-05-2017 11:44:55 AM : User Login [pass]
11-05-2017 11:49:03 AM : save file document.md [pass]
11-05-2017 11:49:06 AM : Load file document.md [pass]
11-05-2017 11:49:25 AM : save file document.md [pass]
11-05-2017 11:49:53 AM : Render file PDF document_106.pdf [pass]
11-05-2017 11:50:35 AM : Render file PDF document_138.pdf [pass]
11-05-2017 11:53:48 AM : save file document.md [pass]
11-05-2017 11:53:58 AM : save file document.md [pass]
11-05-2017 11:54:00 AM : Render file PDF document_135.pdf [pass]
11-05-2017 11:54:09 AM : save file document.md [pass]
11-05-2017 11:54:11 AM : Render file PDF document_113.pdf [pass]
11-05-2017 11:57:41 AM : save file document.md [pass]
11-05-2017 11:57:44 AM : Render file PDF document_114.pdf [pass]
11-05-2017 11:58:02 AM : Render file PDF document_164.pdf [pass]
11-05-2017 11:58:17 AM : save file document.md [pass]
11-05-2017 12:06:03 PM : save file document.md [pass]
11-05-2017 12:07:11 PM : save file document.md [pass]
11-05-2017 12:07:14 PM : Render file PDF document_101.pdf [pass]
23-05-2017 12:22:23 PM : User Login [pass]
23-05-2017 12:22:27 PM : Load file document.md [pass]
23-05-2017 12:23:18 PM : save file document.md [pass]
23-05-2017 12:24:43 PM : save file document.md [pass]
23-05-2017 12:25:00 PM : save file document.md [pass]
23-05-2017 12:25:06 PM : Render file PDF document_147.pdf [pass]
