01-05-2017 23:36:24 PM : create user [pass]
01-05-2017 23:36:38 PM : User Login [pass]
01-05-2017 23:37:36 PM : save file document.md [pass]
01-05-2017 23:38:03 PM : save file document.md [pass]
01-05-2017 23:38:04 PM : New file NewDocument.md [pass]
01-05-2017 23:38:05 PM : Load file NewDocument.md [pass]
01-05-2017 23:38:13 PM : Load file NewDocument.md [pass]
01-05-2017 23:38:18 PM : save file NewDocument.md [pass]
01-05-2017 23:40:33 PM : User log out [pass]
01-05-2017 23:41:36 PM : User Login [pass]
01-05-2017 23:41:39 PM : Load file NewDocument.md [pass]
01-05-2017 23:41:43 PM : save file NewDocument.md [pass]
01-05-2017 23:42:01 PM : Load file document.md [pass]
01-05-2017 23:42:04 PM : save file document.md [pass]
01-05-2017 23:42:05 PM : Load file document.md [pass]
01-05-2017 23:42:06 PM : Load file NewDocument.md [pass]
01-05-2017 23:42:36 PM : save file NewDocument.md [pass]
01-05-2017 23:43:00 PM : Render file PDF NewDocument_115.pdf [pass]
01-05-2017 23:43:51 PM : User log out [pass]
01-05-2017 23:47:34 PM : User Login [pass]
01-05-2017 23:47:38 PM : Load file NewDocument.md [pass]
01-05-2017 23:47:39 PM : Load file document.md [pass]
01-05-2017 23:47:42 PM : Load file NewDocument.md [pass]
01-05-2017 23:47:43 PM : Load file document.md [pass]
01-05-2017 23:47:45 PM : Load file NewDocument.md [pass]
01-05-2017 23:48:33 PM : User log out [pass]
01-05-2017 23:54:56 PM : User Login [pass]
01-05-2017 23:55:02 PM : save file document.md [pass]
01-05-2017 23:55:13 PM : save file document.md [pass]
01-05-2017 23:55:15 PM : save file document.md [pass]
01-05-2017 23:55:18 PM : Load file document.md [pass]
01-05-2017 23:55:19 PM : Load file NewDocument.md [pass]
01-05-2017 23:55:56 PM : Load file document.md [pass]
01-05-2017 23:55:57 PM : Load file NewDocument.md [pass]
02-05-2017 00:04:25 AM : Load file NewDocument.md [pass]
02-05-2017 00:04:48 AM : Load file NewDocument.md [pass]
02-05-2017 00:04:50 AM : Load file document.md [pass]
